<?xml version="1.0" encoding="UTF-8"?>
<testng-results skipped="0" failed="0" ignored="0" total="1" passed="1">
  <reporter-output>
  </reporter-output>
  <suite name="Default suite" duration-ms="7988" started-at="2019-11-14T18:48:26Z" finished-at="2019-11-14T18:48:34Z">
    <groups>
      <group name="cucumber">
        <method signature="AbstractTestNGCucumberTests.feature(cucumber.api.testng.CucumberFeatureWrapper)[pri:0, instance:TestRunner.NewTest@6fd02e5]" name="feature" class="cucumber.api.testng.AbstractTestNGCucumberTests"/>
      </group> <!-- cucumber -->
    </groups>
    <test name="Default test" duration-ms="7988" started-at="2019-11-14T18:48:26Z" finished-at="2019-11-14T18:48:34Z">
      <class name="TestRunner.NewTest">
        <test-method status="PASS" signature="setUpClass()[pri:0, instance:TestRunner.NewTest@6fd02e5]" name="setUpClass" is-config="true" duration-ms="191" started-at="2019-11-14T18:48:26Z" finished-at="2019-11-14T18:48:26Z">
          <reporter-output>
          </reporter-output>
        </test-method> <!-- setUpClass -->
        <test-method status="PASS" signature="feature(cucumber.api.testng.CucumberFeatureWrapper)[pri:0, instance:TestRunner.NewTest@6fd02e5]" name="feature" duration-ms="7718" started-at="2019-11-14T18:48:26Z" description="Runs Cucumber Feature" data-provider="features" finished-at="2019-11-14T18:48:34Z">
          <params>
            <param index="0">
              <value>
                <![CDATA[Reset functionality on login page of Application]]>
              </value>
            </param>
          </params>
          <reporter-output>
          </reporter-output>
        </test-method> <!-- feature -->
        <test-method status="PASS" signature="tearDownClass()[pri:0, instance:TestRunner.NewTest@6fd02e5]" name="tearDownClass" is-config="true" duration-ms="8" started-at="2019-11-14T18:48:34Z" finished-at="2019-11-14T18:48:34Z">
          <reporter-output>
          </reporter-output>
        </test-method> <!-- tearDownClass -->
      </class> <!-- TestRunner.NewTest -->
    </test> <!-- Default test -->
  </suite> <!-- Default suite -->
</testng-results>
