<?xml version="1.0" encoding="UTF-8" standalone="no"?>
<testsuite failures="0" name="cucumber.runtime.formatter.JUnitFormatter" skipped="0" tests="2" time="16.320186">
<testcase classname="Test Login Functionality" name="Verification of Reset button" time="9.517052">
<system-out><![CDATA[Given Open the Chrome and launch the application............................passed
When Enter Username and Password............................................passed
Then Press Login button.....................................................passed
And Close the browser.......................................................passed
]]></system-out>
</testcase>
<testcase classname="Reset functionality on login page of Application" name="Verification of Reset button" time="6.803134">
<system-out><![CDATA[Given Open the Chrome and launch the application............................passed
When Enter Username and Password............................................passed
Then Reset the credential...................................................passed
And Close the browser.......................................................passed
]]></system-out>
</testcase>
</testsuite>
