<?xml version="1.0" encoding="UTF-8"?>
<testsuite xmlns:xsi="http://www.w3.org/2001/XMLSchema-instance" xsi:noNamespaceSchemaLocation="https://maven.apache.org/surefire/maven-surefire-plugin/xsd/surefire-test-report.xsd" name="TestRunner.NewTest" time="17.55" tests="2" errors="0" skipped="0" failures="0">
  <properties>
[...]
</properties>
  <testcase name="feature" classname="TestRunner.NewTest" time="9.767"/>
  <testcase name="feature" classname="TestRunner.NewTest" time="6.804"/>
</testsuite>