<?xml version="1.0" encoding="UTF-8"?>
<testng-results skipped="0" failed="0" total="2" passed="2">
  <reporter-output>
  </reporter-output>
  <suite name="Surefire suite" duration-ms="17260" started-at="2019-11-16T21:48:57Z" finished-at="2019-11-16T21:49:14Z">
    <groups>
      <group name="cucumber">
        <method signature="AbstractTestNGCucumberTests.feature(cucumber.api.testng.CucumberFeatureWrapper)[pri:0, instance:TestRunner.NewTest@3a82f6ef]" name="feature" class="cucumber.api.testng.AbstractTestNGCucumberTests"/>
      </group> <!-- cucumber -->
    </groups>
    <test name="Surefire test" duration-ms="17260" started-at="2019-11-16T21:48:57Z" finished-at="2019-11-16T21:49:14Z">
      <class name="TestRunner.NewTest">
        <test-method status="PASS" signature="setUpClass()[pri:0, instance:TestRunner.NewTest@3a82f6ef]" name="setUpClass" is-config="true" duration-ms="252" started-at="2019-11-17T03:18:57Z" finished-at="2019-11-17T03:18:57Z">
          <reporter-output>
          </reporter-output>
        </test-method> <!-- setUpClass -->
        <test-method status="PASS" signature="feature(cucumber.api.testng.CucumberFeatureWrapper)[pri:0, instance:TestRunner.NewTest@3a82f6ef]" name="feature" duration-ms="9753" started-at="2019-11-17T03:18:57Z" description="Runs Cucumber Feature" data-provider="features" finished-at="2019-11-17T03:19:07Z">
          <params>
            <param index="0">
              <value>
                <![CDATA[Test Login Functionality]]>
              </value>
            </param>
          </params>
          <reporter-output>
          </reporter-output>
        </test-method> <!-- feature -->
        <test-method status="PASS" signature="feature(cucumber.api.testng.CucumberFeatureWrapper)[pri:0, instance:TestRunner.NewTest@3a82f6ef]" name="feature" duration-ms="6812" started-at="2019-11-17T03:19:07Z" description="Runs Cucumber Feature" data-provider="features" finished-at="2019-11-17T03:19:14Z">
          <params>
            <param index="0">
              <value>
                <![CDATA[Reset functionality on login page of Application]]>
              </value>
            </param>
          </params>
          <reporter-output>
          </reporter-output>
        </test-method> <!-- feature -->
        <test-method status="PASS" signature="tearDownClass()[pri:0, instance:TestRunner.NewTest@3a82f6ef]" name="tearDownClass" is-config="true" duration-ms="371" started-at="2019-11-17T03:19:14Z" finished-at="2019-11-17T03:19:14Z">
          <reporter-output>
          </reporter-output>
        </test-method> <!-- tearDownClass -->
      </class> <!-- TestRunner.NewTest -->
    </test> <!-- Surefire test -->
  </suite> <!-- Surefire suite -->
</testng-results>
